<?xml version="1.0" encoding="UTF-8"?>
<coverage generated="1750527124773" clover="3.2.0">
  <project timestamp="1750527124773" name="All files">
    <metrics statements="15" coveredstatements="15" conditionals="10" coveredconditionals="10" methods="2" coveredmethods="2" elements="27" coveredelements="27" complexity="0" loc="15" ncloc="15" packages="1" files="1" classes="1"/>
    <file name="utils.ts" path="/home/packjack/Projects/pack-repo/assets/pterm.tapp/utils.ts">
      <metrics statements="15" coveredstatements="15" conditionals="10" coveredconditionals="10" methods="2" coveredmethods="2"/>
      <line num="3" count="1" type="stmt"/>
      <line num="4" count="7" type="stmt"/>
      <line num="5" count="7" type="stmt"/>
      <line num="7" count="7" type="stmt"/>
      <line num="8" count="7" type="cond" truecount="2" falsecount="0"/>
      <line num="9" count="18" type="cond" truecount="3" falsecount="0"/>
      <line num="10" count="2" type="stmt"/>
      <line num="12" count="16" type="cond" truecount="3" falsecount="0"/>
      <line num="13" count="2" type="stmt"/>
      <line num="15" count="14" type="stmt"/>
      <line num="18" count="7" type="stmt"/>
      <line num="19" count="18" type="cond" truecount="2" falsecount="0"/>
      <line num="20" count="5" type="stmt"/>
      <line num="22" count="13" type="stmt"/>
      <line num="26" count="7" type="stmt"/>
    </file>
  </project>
</coverage>
